{"level":"error"}
{"message":"Unauthorized request to path: /api/breweries","level":"error"}
{"message":"Unauthorized request to path: /api/breweries/:1","level":"error"}
{"message":"Unauthorized request to path: /api/breweries","level":"error"}
{"message":"Unauthorized request to path: /api/breweries/:1","level":"error"}
{"message":"Unauthorized request to path: /api/breweries/123456","level":"error"}
{"message":"Unauthorized request to path: /api/users","level":"error"}
{"message":"Unauthorized request to path: /api/users","level":"error"}
{"message":"Unauthorized request to path: /api/users","level":"error"}
{"message":"Unauthorized request to path: /api/users/123456","level":"error"}
{"message":"Unauthorized request to path: /api/users/2","level":"error"}
{"message":"Unauthorized request to path: /api/users/911","level":"error"}
{"message":"Unauthorized request to path: /api/userss","level":"error"}
{"message":"Unauthorized request to path: /api/users","level":"error"}
{"message":"Unauthorized request to path: /api/users","level":"error"}
{"message":"Unauthorized request to path: /api/breweries","level":"error"}
{"message":"Unauthorized request to path: /api/breweries/:1","level":"error"}
{"message":"Unauthorized request to path: /api/breweries","level":"error"}
{"message":"Unauthorized request to path: /api/breweries/:1","level":"error"}
{"message":"Unauthorized request to path: /api/users","level":"error"}
{"message":"Unauthorized request to path: /api/users","level":"error"}
{"message":"Unauthorized request to path: /api/users","level":"error"}
{"message":"Unauthorized request to path: /api/users/123456","level":"error"}
{"message":"Unauthorized request to path: /api/users/2","level":"error"}
{"message":"Unauthorized request to path: /api/users/911","level":"error"}
{"message":"Unauthorized request to path: /api/userss","level":"error"}
{"message":"Unauthorized request to path: /api/users","level":"error"}
{"message":"Unauthorized request to path: /api/users","level":"error"}
{"message":"Unauthorized request to path: /api/breweries","level":"error"}
{"message":"Unauthorized request to path: /api/breweries/:1","level":"error"}
{"message":"Unauthorized request to path: /api/breweries","level":"error"}
{"message":"Unauthorized request to path: /api/breweries/:1","level":"error"}
{"message":"Unauthorized request to path: /api/users","level":"error"}
{"message":"Unauthorized request to path: /api/users","level":"error"}
{"message":"Unauthorized request to path: /api/users","level":"error"}
{"message":"Unauthorized request to path: /api/users/123456","level":"error"}
{"message":"Unauthorized request to path: /api/users/2","level":"error"}
{"message":"Unauthorized request to path: /api/users/911","level":"error"}
{"message":"Unauthorized request to path: /api/userss","level":"error"}
{"message":"Unauthorized request to path: /api/users","level":"error"}
{"message":"Unauthorized request to path: /api/users","level":"error"}
{"message":"Unauthorized request to path: /api/breweries","level":"error"}
{"message":"Unauthorized request to path: /api/breweries/:1","level":"error"}
{"message":"Unauthorized request to path: /api/breweries","level":"error"}
{"message":"Unauthorized request to path: /api/breweries/:1","level":"error"}
{"message":"Unauthorized request to path: /api/users","level":"error"}
{"message":"Unauthorized request to path: /api/users","level":"error"}
{"message":"Unauthorized request to path: /api/users","level":"error"}
{"message":"Unauthorized request to path: /api/users/123456","level":"error"}
{"message":"Unauthorized request to path: /api/users/2","level":"error"}
{"message":"Unauthorized request to path: /api/users/911","level":"error"}
{"message":"Unauthorized request to path: /api/userss","level":"error"}
{"message":"Unauthorized request to path: /api/users","level":"error"}
{"message":"Unauthorized request to path: /api/users","level":"error"}
{"message":"Unauthorized request to path: /api/breweries","level":"error"}
{"message":"Unauthorized request to path: /api/breweries/:1","level":"error"}
{"message":"Unauthorized request to path: /api/breweries","level":"error"}
{"message":"Unauthorized request to path: /api/breweries/:1","level":"error"}
{"message":"Unauthorized request to path: /api/breweries","level":"error"}
{"message":"Unauthorized request to path: /api/breweries/:1","level":"error"}
{"message":"Unauthorized request to path: /api/breweries","level":"error"}
{"message":"Unauthorized request to path: /api/breweries/:1","level":"error"}
{"message":"Unauthorized request to path: /api/breweries","level":"error"}
{"message":"Unauthorized request to path: /api/breweries/:1","level":"error"}
{"message":"Unauthorized request to path: /api/breweries","level":"error"}
{"message":"Unauthorized request to path: /api/breweries/:1","level":"error"}
{"message":"Unauthorized request to path: /api/breweries","level":"error"}
{"message":"Unauthorized request to path: /api/breweries/:1","level":"error"}
{"message":"Unauthorized request to path: /api/breweries","level":"error"}
{"message":"Unauthorized request to path: /api/breweries/:1","level":"error"}
{"message":"Unauthorized request to path: /api/breweries","level":"error"}
{"message":"Unauthorized request to path: /api/breweries/:1","level":"error"}
{"message":"Unauthorized request to path: /api/breweries","level":"error"}
{"message":"Unauthorized request to path: /api/breweries/:1","level":"error"}
{"message":"Unauthorized request to path: /api/breweries","level":"error"}
{"message":"Unauthorized request to path: /api/breweries/:1","level":"error"}
{"message":"Unauthorized request to path: /api/breweries","level":"error"}
{"message":"Unauthorized request to path: /api/breweries/:1","level":"error"}
{"message":"Unauthorized request to path: /api/breweries","level":"error"}
{"message":"Unauthorized request to path: /api/breweries/:1","level":"error"}
{"message":"Unauthorized request to path: /api/breweries","level":"error"}
{"message":"Unauthorized request to path: /api/breweries/:1","level":"error"}
{"message":"Unauthorized request to path: /api/users","level":"error"}
{"message":"Unauthorized request to path: /api/users","level":"error"}
{"message":"Unauthorized request to path: /api/users","level":"error"}
{"message":"Unauthorized request to path: /api/users/123456","level":"error"}
{"message":"Unauthorized request to path: /api/users/2","level":"error"}
{"message":"Unauthorized request to path: /api/users/911","level":"error"}
{"message":"Unauthorized request to path: /api/users","level":"error"}
{"message":"Unauthorized request to path: /api/users","level":"error"}
{"message":"Unauthorized request to path: /api/users","level":"error"}
{"message":"Unauthorized request to path: /api/breweries","level":"error"}
{"message":"Unauthorized request to path: /api/breweries/:1","level":"error"}
{"message":"Unauthorized request to path: /api/breweries","level":"error"}
{"message":"Unauthorized request to path: /api/breweries/:1","level":"error"}
{"message":"Unauthorized request to path: /api/breweries","level":"error"}
{"message":"Unauthorized request to path: /api/breweries/:1","level":"error"}
{"message":"Unauthorized request to path: /api/breweries","level":"error"}
{"message":"Unauthorized request to path: /api/breweries/:1","level":"error"}
{"message":"Unauthorized request to path: /api/breweries","level":"error"}
{"message":"Unauthorized request to path: /api/breweries/:1","level":"error"}
{"message":"Unauthorized request to path: /api/breweries","level":"error"}
{"message":"Unauthorized request to path: /api/breweries/:1","level":"error"}
{"message":"Unauthorized request to path: /api/breweries","level":"error"}
{"message":"Unauthorized request to path: /api/breweries/:1","level":"error"}
{"message":"Unauthorized request to path: /api/breweries","level":"error"}
{"message":"Unauthorized request to path: /api/breweries/:1","level":"error"}
{"message":"Unauthorized request to path: /api/breweries","level":"error"}
{"message":"Unauthorized request to path: /api/breweries/:1","level":"error"}
{"message":"Unauthorized request to path: /api/breweries","level":"error"}
{"message":"Unauthorized request to path: /api/breweries/:1","level":"error"}
{"message":"Unauthorized request to path: /api/breweries","level":"error"}
{"message":"Unauthorized request to path: /api/breweries/:1","level":"error"}
{"message":"Unauthorized request to path: /api/breweries","level":"error"}
{"message":"Unauthorized request to path: /api/breweries/:1","level":"error"}
{"message":"Unauthorized request to path: /api/breweries","level":"error"}
{"message":"Unauthorized request to path: /api/breweries/:1","level":"error"}
{"message":"Unauthorized request to path: /api/breweries","level":"error"}
{"message":"Unauthorized request to path: /api/breweries/:1","level":"error"}
{"message":"Unauthorized request to path: /api/breweries","level":"error"}
{"message":"Unauthorized request to path: /api/breweries/:1","level":"error"}
{"message":"Unauthorized request to path: /api/breweries","level":"error"}
{"message":"Unauthorized request to path: /api/breweries/:1","level":"error"}
{"message":"Unauthorized request to path: /api/breweries/2","level":"error"}
{"message":"Unauthorized request to path: /api/breweries","level":"error"}
{"message":"Unauthorized request to path: /api/breweries/:1","level":"error"}
{"message":"Unauthorized request to path: /api/breweries","level":"error"}
{"message":"Unauthorized request to path: /api/breweries/:1","level":"error"}
{"message":"Unauthorized request to path: /api/breweries","level":"error"}
{"message":"Unauthorized request to path: /api/breweries/:1","level":"error"}
{"message":"Unauthorized request to path: /api/breweries","level":"error"}
{"message":"Unauthorized request to path: /api/breweries/:1","level":"error"}
{"message":"Brewery with id 2 deleted.","level":"info"}
{"message":"Unauthorized request to path: /api/breweries","level":"error"}
{"message":"Unauthorized request to path: /api/breweries/:1","level":"error"}
{"message":"Unauthorized request to path: /api/breweries","level":"error"}
{"message":"Unauthorized request to path: /api/breweries/:1","level":"error"}
{"message":"Brewery with id 2 deleted.","level":"info"}
{"message":"Unauthorized request to path: /api/breweries","level":"error"}
{"message":"Unauthorized request to path: /api/breweries/:1","level":"error"}
{"message":"Unauthorized request to path: /api/breweries","level":"error"}
{"message":"Unauthorized request to path: /api/breweries/:1","level":"error"}
{"message":"Brewery with id 2 deleted.","level":"info"}
{"message":"Unauthorized request to path: /api/breweries","level":"error"}
{"message":"Unauthorized request to path: /api/breweries/:1","level":"error"}
{"message":"Unauthorized request to path: /api/breweries","level":"error"}
{"message":"Unauthorized request to path: /api/breweries/:1","level":"error"}
{"message":"Brewery with id 2 deleted.","level":"info"}
{"message":"Unauthorized request to path: /api/breweries","level":"error"}
{"message":"Unauthorized request to path: /api/breweries/:1","level":"error"}
{"message":"Unauthorized request to path: /api/breweries","level":"error"}
{"message":"Unauthorized request to path: /api/breweries/:1","level":"error"}
{"message":"Brewery with id 2 deleted.","level":"info"}
{"message":"Unauthorized request to path: /api/breweries","level":"error"}
{"message":"Unauthorized request to path: /api/breweries/:1","level":"error"}
{"message":"Unauthorized request to path: /api/breweries","level":"error"}
{"message":"Unauthorized request to path: /api/breweries/:1","level":"error"}
{"message":"Brewery with id 2 deleted.","level":"info"}
{"message":"Unauthorized request to path: /api/breweries","level":"error"}
{"message":"Unauthorized request to path: /api/breweries/:1","level":"error"}
{"message":"Unauthorized request to path: /api/breweries","level":"error"}
{"message":"Unauthorized request to path: /api/breweries/:1","level":"error"}
{"message":"Brewery with id 2 deleted.","level":"info"}
{"message":"Unauthorized request to path: /api/breweries","level":"error"}
{"message":"Unauthorized request to path: /api/breweries/:1","level":"error"}
{"message":"Unauthorized request to path: /api/breweries","level":"error"}
{"message":"Unauthorized request to path: /api/breweries/:1","level":"error"}
{"message":"Brewery with id 2 deleted.","level":"info"}
{"message":"Unauthorized request to path: /api/breweries","level":"error"}
{"message":"Unauthorized request to path: /api/breweries/:1","level":"error"}
{"message":"Unauthorized request to path: /api/breweries","level":"error"}
{"message":"Unauthorized request to path: /api/breweries/:1","level":"error"}
{"message":"Brewery with id 2 deleted.","level":"info"}
{"message":"Unauthorized request to path: /api/breweries","level":"error"}
{"message":"Unauthorized request to path: /api/breweries/:1","level":"error"}
{"message":"Unauthorized request to path: /api/breweries","level":"error"}
{"message":"Unauthorized request to path: /api/breweries/:1","level":"error"}
{"message":"Brewery with id 2 deleted.","level":"info"}
{"message":"Unauthorized request to path: /api/breweries","level":"error"}
{"message":"Unauthorized request to path: /api/breweries/:1","level":"error"}
{"message":"Unauthorized request to path: /api/breweries","level":"error"}
{"message":"Unauthorized request to path: /api/breweries/:1","level":"error"}
{"message":"Brewery with id 2 deleted.","level":"info"}
{"message":"Unauthorized request to path: /api/breweries","level":"error"}
{"message":"Unauthorized request to path: /api/breweries/:1","level":"error"}
{"message":"Unauthorized request to path: /api/breweries","level":"error"}
{"message":"Unauthorized request to path: /api/breweries/:1","level":"error"}
{"message":"Brewery with id 2 deleted.","level":"info"}
{"message":"Unauthorized request to path: /api/breweries","level":"error"}
{"message":"Unauthorized request to path: /api/breweries/:1","level":"error"}
{"message":"Unauthorized request to path: /api/breweries","level":"error"}
{"message":"Unauthorized request to path: /api/breweries/:1","level":"error"}
{"message":"Brewery with id 2 deleted.","level":"info"}
{"message":"Unauthorized request to path: /api/breweries","level":"error"}
{"message":"Unauthorized request to path: /api/breweries/:1","level":"error"}
{"message":"Unauthorized request to path: /api/breweries","level":"error"}
{"message":"Unauthorized request to path: /api/breweries/:1","level":"error"}
{"message":"Brewery with id 2 deleted.","level":"info"}
{"message":"Unauthorized request to path: /api/breweries","level":"error"}
{"message":"Unauthorized request to path: /api/breweries/:1","level":"error"}
{"message":"Unauthorized request to path: /api/breweries","level":"error"}
{"message":"Unauthorized request to path: /api/breweries/:1","level":"error"}
{"message":"Brewery with id 123456 deleted.","level":"info"}
{"message":"Brewery with id 2 deleted.","level":"info"}
{"message":"Unauthorized request to path: /api/breweries","level":"error"}
{"message":"Unauthorized request to path: /api/breweries/:1","level":"error"}
{"message":"Unauthorized request to path: /api/breweries","level":"error"}
{"message":"Unauthorized request to path: /api/breweries/:1","level":"error"}
{"message":"Brewery with id 123456 deleted.","level":"info"}
{"message":"Brewery with id 2 deleted.","level":"info"}
{"message":"Unauthorized request to path: /api/breweries","level":"error"}
{"message":"Unauthorized request to path: /api/breweries/:1","level":"error"}
{"message":"Unauthorized request to path: /api/breweries","level":"error"}
{"message":"Unauthorized request to path: /api/breweries/:1","level":"error"}
{"message":"Brewery with id 123456 deleted.","level":"info"}
{"message":"Brewery with id 2 deleted.","level":"info"}
{"message":"Unauthorized request to path: /api/breweries","level":"error"}
{"message":"Unauthorized request to path: /api/breweries/:1","level":"error"}
{"message":"Unauthorized request to path: /api/breweries","level":"error"}
{"message":"Unauthorized request to path: /api/breweries/:1","level":"error"}
{"message":"Brewery with id 2 deleted.","level":"info"}
{"message":"Unauthorized request to path: /api/breweries","level":"error"}
{"message":"Unauthorized request to path: /api/breweries/:1","level":"error"}
{"message":"Unauthorized request to path: /api/breweries","level":"error"}
{"message":"Unauthorized request to path: /api/breweries/:1","level":"error"}
{"message":"Brewery with id 2 deleted.","level":"info"}
{"message":"Unauthorized request to path: /api/breweries","level":"error"}
{"message":"Unauthorized request to path: /api/breweries/:1","level":"error"}
{"message":"Unauthorized request to path: /api/breweries","level":"error"}
{"message":"Unauthorized request to path: /api/breweries/:1","level":"error"}
{"message":"Brewery with id 2 deleted.","level":"info"}
{"message":"Unauthorized request to path: /api/breweries","level":"error"}
{"message":"Unauthorized request to path: /api/breweries/:1","level":"error"}
{"message":"Unauthorized request to path: /api/breweries","level":"error"}
{"message":"Unauthorized request to path: /api/breweries/:1","level":"error"}
{"message":"Brewery with id 2 deleted.","level":"info"}
{"message":"Unauthorized request to path: /api/breweries","level":"error"}
{"message":"Unauthorized request to path: /api/breweries/:1","level":"error"}
{"message":"Unauthorized request to path: /api/breweries","level":"error"}
{"message":"Unauthorized request to path: /api/breweries/:1","level":"error"}
{"message":"Brewery with id 2 deleted.","level":"info"}
{"message":"Unauthorized request to path: /api/breweries","level":"error"}
{"message":"Unauthorized request to path: /api/breweries/:1","level":"error"}
{"message":"Unauthorized request to path: /api/breweries","level":"error"}
{"message":"Unauthorized request to path: /api/breweries/:1","level":"error"}
{"message":"Brewery with id 2 deleted.","level":"info"}
{"message":"Unauthorized request to path: /api/breweries","level":"error"}
{"message":"Unauthorized request to path: /api/breweries/:1","level":"error"}
{"message":"Unauthorized request to path: /api/breweries","level":"error"}
{"message":"Unauthorized request to path: /api/breweries/:1","level":"error"}
{"message":"Brewery with id 2 deleted.","level":"info"}
{"message":"Unauthorized request to path: /api/breweries","level":"error"}
{"message":"Unauthorized request to path: /api/breweries/:1","level":"error"}
{"message":"Unauthorized request to path: /api/breweries","level":"error"}
{"message":"Unauthorized request to path: /api/breweries/:1","level":"error"}
{"message":"Brewery with id 2 deleted.","level":"info"}
{"message":"Missing valid key","level":"warn"}
{"message":"Rating is invalid","level":"warn"}
{"message":"Rating is invalid","level":"warn"}
{"message":"Unauthorized request to path: /api/breweries","level":"error"}
{"message":"Unauthorized request to path: /api/breweries/:1","level":"error"}
{"message":"Unauthorized request to path: /api/breweries","level":"error"}
{"message":"Unauthorized request to path: /api/breweries/:1","level":"error"}
{"message":"Brewery with id 2 deleted.","level":"info"}
{"message":"Unauthorized request to path: /api/breweries/2","level":"error"}
{"message":"Unauthorized request to path: /api/breweries","level":"error"}
{"message":"Unauthorized request to path: /api/breweries/:1","level":"error"}
{"message":"Unauthorized request to path: /api/breweries","level":"error"}
{"message":"Unauthorized request to path: /api/breweries/:1","level":"error"}
{"message":"Brewery with id 2 deleted.","level":"info"}
{"message":"Unauthorized request to path: /api/breweries","level":"error"}
{"message":"Unauthorized request to path: /api/breweries/:1","level":"error"}
{"message":"Unauthorized request to path: /api/breweries","level":"error"}
{"message":"Unauthorized request to path: /api/breweries/:1","level":"error"}
{"message":"Brewery with id 2 deleted.","level":"info"}
{"message":"Unauthorized request to path: /api/breweries","level":"error"}
{"message":"Unauthorized request to path: /api/breweries/:1","level":"error"}
{"message":"Unauthorized request to path: /api/breweries","level":"error"}
{"message":"Unauthorized request to path: /api/breweries/:1","level":"error"}
{"message":"Brewery with id 2 deleted.","level":"info"}
{"message":"Unauthorized request to path: /api/breweries","level":"error"}
{"message":"Unauthorized request to path: /api/breweries/:1","level":"error"}
{"message":"Unauthorized request to path: /api/breweries","level":"error"}
{"message":"Unauthorized request to path: /api/breweries/:1","level":"error"}
{"message":"Brewery with id 2 deleted.","level":"info"}
{"message":"Unauthorized request to path: /api/users","level":"error"}
{"message":"Unauthorized request to path: /api/users","level":"error"}
{"message":"Unauthorized request to path: /api/users","level":"error"}
{"message":"Unauthorized request to path: /api/users/123456","level":"error"}
{"message":"Unauthorized request to path: /api/users/2","level":"error"}
{"message":"Unauthorized request to path: /api/users/911","level":"error"}
{"message":"Unauthorized request to path: /api/users","level":"error"}
{"message":"Unauthorized request to path: /api/users","level":"error"}
{"message":"Unauthorized request to path: /api/users","level":"error"}
{"message":"Brewery with id 2 deleted.","level":"info"}
{"message":"Brewery with id 2 deleted.","level":"info"}
{"message":"Unauthorized request to path: /api/breweries","level":"error"}
{"message":"Unauthorized request to path: /api/breweries/:1","level":"error"}
{"message":"Unauthorized request to path: /api/breweries","level":"error"}
{"message":"Unauthorized request to path: /api/breweries/:1","level":"error"}
{"message":"Brewery with id 2 deleted.","level":"info"}
{"message":"Unauthorized request to path: /api/breweries","level":"error"}
{"message":"Unauthorized request to path: /api/breweries/:1","level":"error"}
{"message":"Unauthorized request to path: /api/breweries","level":"error"}
{"message":"Unauthorized request to path: /api/breweries/:1","level":"error"}
{"message":"Brewery with id 2 deleted.","level":"info"}
{"message":"Unauthorized request to path: /api/breweries","level":"error"}
{"message":"Unauthorized request to path: /api/breweries/:1","level":"error"}
{"message":"Unauthorized request to path: /api/breweries","level":"error"}
{"message":"Unauthorized request to path: /api/breweries/:1","level":"error"}
{"message":"Brewery with id 2 deleted.","level":"info"}
